
7-Zip (A) 4.64  Copyright (c) 1999-2009 Igor Pavlov  2009-01-03
Scanning

Creating archive installer.7z

Compressing  jre\lib\security\blacklist
Compressing  jre\lib\security\cacerts
Compressing  jre\lib\classlist
Compressing  jre\COPYRIGHT
Compressing  jre\LICENSE
Compressing  jre\lib\ext\meta-index
Compressing  jre\lib\meta-index
Compressing  jre\release
Compressing  jre\lib\tzmappings
Compressing  jre\lib\deploy\ffjcext.zip
Compressing  jre\lib\ext\access-bridge-64.jar
Compressing  jre\lib\charsets.jar
Compressing  jre\lib\ext\cldrdata.jar
Compressing  jre\lib\deploy.jar
Compressing  jre\lib\ext\dnsns.jar
Compressing  jre\lib\ext\jaccess.jar
Compressing  jre\lib\javaws.jar
Compressing  jre\lib\jce.jar
Compressing  jre\lib\jfr.jar
Compressing  jre\lib\ext\jfxrt.jar
Compressing  jre\lib\jfxswt.jar
Compressing  jre\lib\jsse.jar
Compressing  jre\lib\ext\localedata.jar
Compressing  jre\lib\security\policy\unlimited\local_policy.jar
Compressing  jre\lib\security\policy\limited\local_policy.jar
Compressing  jre\lib\management-agent.jar
Compressing  jre\lib\ext\nashorn.jar
Compressing  jre\lib\plugin.jar
Compressing  jre\lib\resources.jar
Compressing  jre\lib\rt.jar
Compressing  jre\lib\ext\sunec.jar
Compressing  jre\lib\ext\sunjce_provider.jar
Compressing  jre\lib\ext\sunmscapi.jar
Compressing  jre\lib\ext\sunpkcs11.jar
Compressing  taelium-client-1.0.3.jar
Compressing  jre\lib\security\policy\unlimited\US_export_policy.jar
Compressing  jre\lib\security\policy\limited\US_export_policy.jar
Compressing  jre\lib\ext\zipfs.jar
Compressing  jre\lib\images\cursors\invalid32x32.gif
Compressing  jre\lib\deploy\splash.gif
Compressing  jre\lib\deploy\splash@2x.gif
Compressing  jre\lib\deploy\splash_11-lic.gif
Compressing  jre\lib\deploy\splash_11@2x-lic.gif
Compressing  jre\lib\images\cursors\win32_CopyDrop32x32.gif
Compressing  jre\lib\images\cursors\win32_CopyNoDrop32x32.gif
Compressing  jre\lib\images\cursors\win32_LinkDrop32x32.gif
Compressing  jre\lib\images\cursors\win32_LinkNoDrop32x32.gif
Compressing  jre\lib\images\cursors\win32_MoveDrop32x32.gif
Compressing  jre\lib\images\cursors\win32_MoveNoDrop32x32.gif
Compressing  jre\Welcome.html
Compressing  jre\lib\jvm.hprof.txt
Compressing  jre\README.txt
Compressing  jre\THIRDPARTYLICENSEREADME-JAVAFX.txt
Compressing  jre\THIRDPARTYLICENSEREADME.txt
Compressing  jre\bin\server\Xusage.txt
Compressing  jre\lib\fonts\LucidaBrightDemiBold.ttf
Compressing  jre\lib\fonts\LucidaBrightDemiItalic.ttf
Compressing  jre\lib\fonts\LucidaBrightItalic.ttf
Compressing  jre\lib\fonts\LucidaBrightRegular.ttf
Compressing  jre\lib\fonts\LucidaSansDemiBold.ttf
Compressing  jre\lib\fonts\LucidaSansRegular.ttf
Compressing  jre\lib\fonts\LucidaTypewriterBold.ttf
Compressing  jre\lib\fonts\LucidaTypewriterRegular.ttf
Compressing  jre\lib\management\jmxremote.access
Compressing  jre\lib\fontconfig.bfc
Compressing  jre\lib\security\blacklisted.certs
Compressing  jre\lib\amd64\jvm.cfg
Compressing  jre\bin\javacpl.cpl
Compressing  jre\lib\tzdb.dat
Compressing  jre\lib\currency.data
Compressing  jre\lib\psfont.properties.ja
Compressing  jre\lib\jfr\default.jfc
Compressing  jre\lib\jfr\profile.jfc
Compressing  jre\bin\server\classes.jsa
Compressing  jre\lib\cmm\CIEXYZ.pf
Compressing  jre\lib\cmm\GRAY.pf
Compressing  jre\lib\cmm\LINEAR_RGB.pf
Compressing  jre\lib\cmm\PYCC.pf
Compressing  jre\lib\cmm\sRGB.pf
Compressing  jre\lib\security\java.policy
Compressing  jre\lib\security\javaws.policy
Compressing  jre\lib\accessibility.properties
Compressing  jre\lib\calendars.properties
Compressing  jre\lib\content-types.properties
Compressing  jre\lib\images\cursors\cursors.properties
Compressing  jre\lib\flavormap.properties
Compressing  jre\lib\hijrah-config-umalqura.properties
Compressing  jre\lib\javafx.properties
Compressing  jre\lib\logging.properties
Compressing  jre\lib\management\management.properties
Compressing  jre\lib\deploy\messages.properties
Compressing  jre\lib\deploy\messages_de.properties
Compressing  jre\lib\deploy\messages_es.properties
Compressing  jre\lib\deploy\messages_fr.properties
Compressing  jre\lib\deploy\messages_it.properties
Compressing  jre\lib\deploy\messages_ja.properties
Compressing  jre\lib\deploy\messages_ko.properties
Compressing  jre\lib\deploy\messages_pt_BR.properties
Compressing  jre\lib\deploy\messages_sv.properties
Compressing  jre\lib\deploy\messages_zh_CN.properties
Compressing  jre\lib\deploy\messages_zh_HK.properties
Compressing  jre\lib\deploy\messages_zh_TW.properties
Compressing  jre\lib\net.properties
Compressing  jre\lib\psfontj2d.properties
Compressing  jre\lib\sound.properties
Compressing  jre\lib\security\java.security
Compressing  jre\lib\fontconfig.properties.src
Compressing  jre\lib\management\jmxremote.password.template
Compressing  jre\lib\management\snmp.acl.template
Compressing  jre\bin\jabswitch.exe
Compressing  jre\bin\java-rmi.exe
Compressing  jre\bin\java.exe
Compressing  jre\bin\javacpl.exe
Compressing  jre\bin\javaw.exe
Compressing  jre\bin\javaws.exe
Compressing  jre\bin\jjs.exe
Compressing  jre\bin\jp2launcher.exe
Compressing  jre\bin\keytool.exe
Compressing  jre\bin\kinit.exe
Compressing  jre\bin\klist.exe
Compressing  jre\bin\ktab.exe
Compressing  jre\bin\orbd.exe
Compressing  jre\bin\pack200.exe
Compressing  jre\bin\policytool.exe
Compressing  jre\bin\rmid.exe
Compressing  jre\bin\rmiregistry.exe
Compressing  jre\bin\servertool.exe
Compressing  jre\bin\ssvagent.exe
Compressing  jre\bin\tnameserv.exe
Compressing  jre\bin\unpack200.exe
Compressing  jre\bin\api-ms-win-core-console-l1-1-0.dll
Compressing  jre\bin\api-ms-win-core-datetime-l1-1-0.dll
Compressing  jre\bin\api-ms-win-core-debug-l1-1-0.dll
Compressing  jre\bin\api-ms-win-core-errorhandling-l1-1-0.dll
Compressing  jre\bin\api-ms-win-core-file-l1-1-0.dll
Compressing  jre\bin\api-ms-win-core-file-l1-2-0.dll
Compressing  jre\bin\api-ms-win-core-file-l2-1-0.dll
Compressing  jre\bin\api-ms-win-core-handle-l1-1-0.dll
Compressing  jre\bin\api-ms-win-core-heap-l1-1-0.dll
Compressing  jre\bin\api-ms-win-core-interlocked-l1-1-0.dll
Compressing  jre\bin\api-ms-win-core-libraryloader-l1-1-0.dll
Compressing  jre\bin\api-ms-win-core-localization-l1-2-0.dll
Compressing  jre\bin\api-ms-win-core-memory-l1-1-0.dll
Compressing  jre\bin\api-ms-win-core-namedpipe-l1-1-0.dll
Compressing  jre\bin\api-ms-win-core-processenvironment-l1-1-0.dll
Compressing  jre\bin\api-ms-win-core-processthreads-l1-1-0.dll
Compressing  jre\bin\api-ms-win-core-processthreads-l1-1-1.dll
Compressing  jre\bin\api-ms-win-core-profile-l1-1-0.dll
Compressing  jre\bin\api-ms-win-core-rtlsupport-l1-1-0.dll
Compressing  jre\bin\api-ms-win-core-string-l1-1-0.dll
Compressing  jre\bin\api-ms-win-core-synch-l1-1-0.dll
Compressing  jre\bin\api-ms-win-core-synch-l1-2-0.dll
Compressing  jre\bin\api-ms-win-core-sysinfo-l1-1-0.dll
Compressing  jre\bin\api-ms-win-core-timezone-l1-1-0.dll
Compressing  jre\bin\api-ms-win-core-util-l1-1-0.dll
Compressing  jre\bin\api-ms-win-crt-conio-l1-1-0.dll
Compressing  jre\bin\api-ms-win-crt-convert-l1-1-0.dll
Compressing  jre\bin\api-ms-win-crt-environment-l1-1-0.dll
Compressing  jre\bin\api-ms-win-crt-filesystem-l1-1-0.dll
Compressing  jre\bin\api-ms-win-crt-heap-l1-1-0.dll
Compressing  jre\bin\api-ms-win-crt-locale-l1-1-0.dll
Compressing  jre\bin\api-ms-win-crt-math-l1-1-0.dll
Compressing  jre\bin\api-ms-win-crt-multibyte-l1-1-0.dll
Compressing  jre\bin\api-ms-win-crt-private-l1-1-0.dll
Compressing  jre\bin\api-ms-win-crt-process-l1-1-0.dll
Compressing  jre\bin\api-ms-win-crt-runtime-l1-1-0.dll
Compressing  jre\bin\api-ms-win-crt-stdio-l1-1-0.dll
Compressing  jre\bin\api-ms-win-crt-string-l1-1-0.dll
Compressing  jre\bin\api-ms-win-crt-time-l1-1-0.dll
Compressing  jre\bin\api-ms-win-crt-utility-l1-1-0.dll
Compressing  jre\bin\awt.dll
Compressing  jre\bin\bci.dll
Compressing  jre\bin\concrt140.dll
Compressing  jre\bin\dcpr.dll
Compressing  jre\bin\decora_sse.dll
Compressing  jre\bin\deploy.dll
Compressing  jre\bin\dtplugin\deployJava1.dll
Compressing  jre\bin\dt_shmem.dll
Compressing  jre\bin\dt_socket.dll
Compressing  jre\bin\eula.dll
Compressing  jre\bin\fontmanager.dll
Compressing  jre\bin\fxplugins.dll
Compressing  jre\bin\glass.dll
Compressing  jre\bin\glib-lite.dll
Compressing  jre\bin\gstreamer-lite.dll
Compressing  jre\bin\hprof.dll
Compressing  jre\bin\instrument.dll
Compressing  jre\bin\j2pcsc.dll
Compressing  jre\bin\j2pkcs11.dll
Compressing  jre\bin\jaas_nt.dll
Compressing  jre\bin\java.dll
Compressing  jre\bin\JavaAccessBridge-64.dll
Compressing  jre\bin\javafx_font.dll
Compressing  jre\bin\javafx_font_t2k.dll
Compressing  jre\bin\javafx_iio.dll
Compressing  jre\bin\java_crw_demo.dll
Compressing  jre\bin\jawt.dll
Compressing  jre\bin\JAWTAccessBridge-64.dll
Compressing  jre\bin\jdwp.dll
Compressing  jre\bin\jfr.dll
Compressing  jre\bin\jfxmedia.dll
Compressing  jre\bin\jfxwebkit.dll
Compressing  jre\bin\jli.dll
Compressing  jre\bin\jp2iexp.dll
Compressing  jre\bin\jp2native.dll
Compressing  jre\bin\jp2ssv.dll
Compressing  jre\bin\jpeg.dll
Compressing  jre\bin\jsdt.dll
Compressing  jre\bin\jsound.dll
Compressing  jre\bin\jsoundds.dll
Compressing  jre\bin\server\jvm.dll
Compressing  jre\bin\kcms.dll
Compressing  jre\bin\lcms.dll
Compressing  jre\bin\management.dll
Compressing  jre\bin\mlib_image.dll
Compressing  jre\bin\msvcp140.dll
Compressing  jre\bin\msvcr100.dll
Compressing  jre\bin\plugin2\msvcr100.dll
Compressing  jre\bin\net.dll
Compressing  jre\bin\nio.dll
Compressing  jre\bin\dtplugin\npdeployJava1.dll
Compressing  jre\bin\plugin2\npjp2.dll
Compressing  jre\bin\npt.dll
Compressing  jre\bin\prism_common.dll
Compressing  jre\bin\prism_d3d.dll
Compressing  jre\bin\prism_sw.dll
Compressing  jre\bin\resource.dll
Compressing  jre\bin\splashscreen.dll
Compressing  jre\bin\ssv.dll
Compressing  jre\bin\sunec.dll
Compressing  jre\bin\sunmscapi.dll
Compressing  jre\bin\t2k.dll
Compressing  jre\bin\ucrtbase.dll
Compressing  jre\bin\unpack.dll
Compressing  jre\bin\vcruntime140.dll
Compressing  jre\bin\verify.dll
Compressing  jre\bin\w2k_lsa_auth.dll
Compressing  jre\bin\WindowsAccessBridge-64.dll
Compressing  jre\bin\wsdetect.dll
Compressing  jre\bin\zip.dll

Everything is Ok
jre\bin\javaw.exe
"..\installer\lib\izpack2exe\7za.exe" a -mmt -t7z -mx=9 installer.7z "..\taelium-client-1.0.3.jar" "..\jre"
